<?xml version="1.0" encoding="UTF-8"?>
<!-- Generated by org.testng.reporters.JUnitReportReporter -->
<testsuite hostname="DESKTOP-2BLMNRE" failures="0" tests="1" name="com.testVagant.testcases.verifyWiki" time="41.376" errors="0" timestamp="23 Nov 2022 16:05:28 GMT" skipped="0">
  <testcase classname="com.testVagant.testcases.verifyWiki" name="wikiWebPage" time="41.376"/>
</testsuite> <!-- com.testVagant.testcases.verifyWiki -->
