<?xml version="1.0" encoding="UTF-8"?>
<!-- Generated by org.testng.reporters.JUnitReportReporter -->
<testsuite hostname="DESKTOP-2BLMNRE" failures="0" tests="1" name="com.testVagant.testcases.verifyIMDB" time="113.949" errors="0" timestamp="23 Nov 2022 16:05:28 GMT" skipped="0">
  <testcase classname="com.testVagant.testcases.verifyIMDB" name="imdbWebPage" time="113.949"/>
</testsuite> <!-- com.testVagant.testcases.verifyIMDB -->
